<?xml version="1.0"?>
<!DOCTYPE coverage SYSTEM "http://cobertura.sourceforge.net/xml/coverage-04.dtd">

<coverage line-rate="0.2643171806167401" branch-rate="0.10454545454545454" lines-covered="60" lines-valid="227" branches-covered="23" branches-valid="220" complexity="4.2105263157894735" version="2.0.3" timestamp="1544363179529">
	<sources>
		<source>src</source>
	</sources>
	<packages>
		<package name="com.google.javascript.jscomp" line-rate="0.2643171806167401" branch-rate="0.10454545454545454" complexity="4.2105263157894735">
			<classes>
				<class name="com.google.javascript.jscomp.TypeValidator" filename="com/google/javascript/jscomp/TypeValidator.java" line-rate="0.2777777777777778" branch-rate="0.10952380952380952" complexity="4.2105263157894735">
					<methods>
						<method name="&lt;clinit&gt;" signature="()V" line-rate="1.0" branch-rate="1.0">
							<lines>
								<line number="77" hits="1" branch="false"/>
								<line number="83" hits="1" branch="false"/>
								<line number="88" hits="1" branch="false"/>
								<line number="93" hits="1" branch="false"/>
								<line number="98" hits="1" branch="false"/>
								<line number="105" hits="1" branch="false"/>
								<line number="110" hits="1" branch="false"/>
								<line number="118" hits="1" branch="false"/>
								<line number="121" hits="1" branch="false"/>
								<line number="125" hits="1" branch="false"/>
							</lines>
						</method>
						<method name="&lt;init&gt;" signature="(Lcom/google/javascript/jscomp/AbstractCompiler;)V" line-rate="1.0" branch-rate="1.0">
							<lines>
								<line number="63" hits="1" branch="false"/>
								<line number="69" hits="1" branch="false"/>
								<line number="136" hits="1" branch="false"/>
								<line number="137" hits="1" branch="false"/>
								<line number="138" hits="1" branch="false"/>
								<line number="139" hits="1" branch="false"/>
								<line number="141" hits="1" branch="false"/>
								<line number="143" hits="1" branch="false"/>
							</lines>
						</method>
						<method name="containsForwardDeclaredUnresolvedName" signature="(Lcom/google/javascript/rhino/jstype/JSType;)Z" line-rate="0.0" branch-rate="0.0">
							<lines>
								<line number="284" hits="0" branch="true" condition-coverage="0% (0/2)">
									<conditions>
										<condition number="0" type="jump" coverage="0%"/>
									</conditions>
								</line>
								<line number="285" hits="0" branch="true" condition-coverage="0% (0/2)">
									<conditions>
										<condition number="0" type="jump" coverage="0%"/>
									</conditions>
								</line>
								<line number="286" hits="0" branch="true" condition-coverage="0% (0/2)">
									<conditions>
										<condition number="0" type="jump" coverage="0%"/>
									</conditions>
								</line>
								<line number="287" hits="0" branch="false"/>
								<line number="289" hits="0" branch="false"/>
								<line number="291" hits="0" branch="false"/>
							</lines>
						</method>
						<method name="expectActualObject" signature="(Lcom/google/javascript/jscomp/NodeTraversal;Lcom/google/javascript/rhino/Node;Lcom/google/javascript/rhino/jstype/JSType;Ljava/lang/String;)V" line-rate="0.0" branch-rate="0.0">
							<lines>
								<line number="187" hits="0" branch="true" condition-coverage="0% (0/2)">
									<conditions>
										<condition number="0" type="jump" coverage="0%"/>
									</conditions>
								</line>
								<line number="188" hits="0" branch="false"/>
								<line number="190" hits="0" branch="false"/>
							</lines>
						</method>
						<method name="expectAllInterfaceProperties" signature="(Lcom/google/javascript/jscomp/NodeTraversal;Lcom/google/javascript/rhino/Node;Lcom/google/javascript/rhino/jstype/FunctionType;)V" line-rate="0.375" branch-rate="0.16666666666666666">
							<lines>
								<line number="594" hits="7" branch="false"/>
								<line number="595" hits="7" branch="true" condition-coverage="50% (1/2)">
									<conditions>
										<condition number="0" type="jump" coverage="50%"/>
									</conditions>
								</line>
								<line number="596" hits="0" branch="true" condition-coverage="0% (0/2)">
									<conditions>
										<condition number="0" type="jump" coverage="0%"/>
									</conditions>
								</line>
								<line number="598" hits="0" branch="true" condition-coverage="0% (0/2)">
									<conditions>
										<condition number="0" type="jump" coverage="0%"/>
									</conditions>
								</line>
								<line number="599" hits="0" branch="false"/>
								<line number="600" hits="0" branch="false"/>
								<line number="602" hits="0" branch="false"/>
								<line number="603" hits="7" branch="false"/>
							</lines>
						</method>
						<method name="expectAnyObject" signature="(Lcom/google/javascript/jscomp/NodeTraversal;Lcom/google/javascript/rhino/Node;Lcom/google/javascript/rhino/jstype/JSType;Ljava/lang/String;)V" line-rate="0.0" branch-rate="0.0">
							<lines>
								<line number="197" hits="0" branch="false"/>
								<line number="198" hits="0" branch="true" condition-coverage="0% (0/4)">
									<conditions>
										<condition number="0" type="jump" coverage="0%"/>
										<condition number="1" type="jump" coverage="0%"/>
									</conditions>
								</line>
								<line number="199" hits="0" branch="false"/>
								<line number="201" hits="0" branch="false"/>
							</lines>
						</method>
						<method name="expectArgumentMatchesParameter" signature="(Lcom/google/javascript/jscomp/NodeTraversal;Lcom/google/javascript/rhino/Node;Lcom/google/javascript/rhino/jstype/JSType;Lcom/google/javascript/rhino/jstype/JSType;Lcom/google/javascript/rhino/Node;I)V" line-rate="0.0" branch-rate="0.0">
							<lines>
								<line number="428" hits="0" branch="true" condition-coverage="0% (0/2)">
									<conditions>
										<condition number="0" type="jump" coverage="0%"/>
									</conditions>
								</line>
								<line number="429" hits="0" branch="false"/>
								<line number="435" hits="0" branch="false"/>
							</lines>
						</method>
						<method name="expectBitwiseable" signature="(Lcom/google/javascript/jscomp/NodeTraversal;Lcom/google/javascript/rhino/Node;Lcom/google/javascript/rhino/jstype/JSType;Ljava/lang/String;)V" line-rate="0.0" branch-rate="0.0">
							<lines>
								<line number="231" hits="0" branch="true" condition-coverage="0% (0/4)">
									<conditions>
										<condition number="0" type="jump" coverage="0%"/>
										<condition number="1" type="jump" coverage="0%"/>
									</conditions>
								</line>
								<line number="232" hits="0" branch="false"/>
								<line number="234" hits="0" branch="false"/>
							</lines>
						</method>
						<method name="expectCanAssignTo" signature="(Lcom/google/javascript/jscomp/NodeTraversal;Lcom/google/javascript/rhino/Node;Lcom/google/javascript/rhino/jstype/JSType;Lcom/google/javascript/rhino/jstype/JSType;Ljava/lang/String;)Z" line-rate="0.3333333333333333" branch-rate="0.1">
							<lines>
								<line number="404" hits="2" branch="true" condition-coverage="50% (1/2)">
									<conditions>
										<condition number="0" type="jump" coverage="50%"/>
									</conditions>
								</line>
								<line number="405" hits="0" branch="true" condition-coverage="0% (0/8)">
									<conditions>
										<condition number="0" type="jump" coverage="0%"/>
										<condition number="1" type="jump" coverage="0%"/>
										<condition number="2" type="jump" coverage="0%"/>
										<condition number="3" type="jump" coverage="0%"/>
									</conditions>
								</line>
								<line number="406" hits="0" branch="false"/>
								<line number="408" hits="0" branch="false"/>
								<line number="410" hits="0" branch="false"/>
								<line number="412" hits="2" branch="false"/>
							</lines>
						</method>
						<method name="expectCanAssignToPropertyOf" signature="(Lcom/google/javascript/jscomp/NodeTraversal;Lcom/google/javascript/rhino/Node;Lcom/google/javascript/rhino/jstype/JSType;Lcom/google/javascript/rhino/jstype/JSType;Lcom/google/javascript/rhino/Node;Ljava/lang/String;)Z" line-rate="0.18181818181818182" branch-rate="0.1">
							<lines>
								<line number="365" hits="2" branch="true" condition-coverage="50% (2/4)">
									<conditions>
										<condition number="0" type="jump" coverage="50%"/>
										<condition number="1" type="jump" coverage="50%"/>
									</conditions>
								</line>
								<line number="366" hits="0" branch="true" condition-coverage="0% (0/8)">
									<conditions>
										<condition number="0" type="jump" coverage="0%"/>
										<condition number="1" type="jump" coverage="0%"/>
										<condition number="2" type="jump" coverage="0%"/>
										<condition number="3" type="jump" coverage="0%"/>
									</conditions>
								</line>
								<line number="367" hits="0" branch="false"/>
								<line number="372" hits="0" branch="false"/>
								<line number="373" hits="0" branch="true" condition-coverage="0% (0/2)">
									<conditions>
										<condition number="0" type="jump" coverage="0%"/>
									</conditions>
								</line>
								<line number="374" hits="0" branch="false"/>
								<line number="375" hits="0" branch="true" condition-coverage="0% (0/6)">
									<conditions>
										<condition number="0" type="jump" coverage="0%"/>
										<condition number="1" type="jump" coverage="0%"/>
										<condition number="2" type="jump" coverage="0%"/>
									</conditions>
								</line>
								<line number="377" hits="0" branch="false"/>
								<line number="381" hits="0" branch="false"/>
								<line number="386" hits="0" branch="false"/>
								<line number="388" hits="2" branch="false"/>
							</lines>
						</method>
						<method name="expectCanCast" signature="(Lcom/google/javascript/jscomp/NodeTraversal;Lcom/google/javascript/rhino/Node;Lcom/google/javascript/rhino/jstype/JSType;Lcom/google/javascript/rhino/jstype/JSType;)V" line-rate="0.8" branch-rate="0.25">
							<lines>
								<line number="503" hits="6" branch="false"/>
								<line number="504" hits="6" branch="false"/>
								<line number="506" hits="6" branch="true" condition-coverage="25% (1/4)">
									<conditions>
										<condition number="0" type="jump" coverage="50%"/>
										<condition number="1" type="jump" coverage="0%"/>
									</conditions>
								</line>
								<line number="507" hits="0" branch="false"/>
								<line number="510" hits="6" branch="false"/>
							</lines>
						</method>
						<method name="expectCanOverride" signature="(Lcom/google/javascript/jscomp/NodeTraversal;Lcom/google/javascript/rhino/Node;Lcom/google/javascript/rhino/jstype/JSType;Lcom/google/javascript/rhino/jstype/JSType;Ljava/lang/String;Lcom/google/javascript/rhino/jstype/JSType;)V" line-rate="0.0" branch-rate="0.0">
							<lines>
								<line number="452" hits="0" branch="true" condition-coverage="0% (0/2)">
									<conditions>
										<condition number="0" type="jump" coverage="0%"/>
									</conditions>
								</line>
								<line number="453" hits="0" branch="false"/>
								<line number="458" hits="0" branch="false"/>
							</lines>
						</method>
						<method name="expectIndexMatch" signature="(Lcom/google/javascript/jscomp/NodeTraversal;Lcom/google/javascript/rhino/Node;Lcom/google/javascript/rhino/jstype/JSType;Lcom/google/javascript/rhino/jstype/JSType;)V" line-rate="0.0" branch-rate="0.0">
							<lines>
								<line number="325" hits="0" branch="false"/>
								<line number="326" hits="0" branch="false"/>
								<line number="327" hits="0" branch="true" condition-coverage="0% (0/2)">
									<conditions>
										<condition number="0" type="jump" coverage="0%"/>
									</conditions>
								</line>
								<line number="328" hits="0" branch="false"/>
								<line number="331" hits="0" branch="true" condition-coverage="0% (0/2)">
									<conditions>
										<condition number="0" type="jump" coverage="0%"/>
									</conditions>
								</line>
								<line number="332" hits="0" branch="false"/>
								<line number="334" hits="0" branch="false"/>
								<line number="335" hits="0" branch="true" condition-coverage="0% (0/4)">
									<conditions>
										<condition number="0" type="jump" coverage="0%"/>
										<condition number="1" type="jump" coverage="0%"/>
									</conditions>
								</line>
								<line number="336" hits="0" branch="false"/>
								<line number="338" hits="0" branch="true" condition-coverage="0% (0/4)">
									<conditions>
										<condition number="0" type="jump" coverage="0%"/>
										<condition number="1" type="jump" coverage="0%"/>
									</conditions>
								</line>
								<line number="339" hits="0" branch="false"/>
								<line number="340" hits="0" branch="true" condition-coverage="0% (0/2)">
									<conditions>
										<condition number="0" type="jump" coverage="0%"/>
									</conditions>
								</line>
								<line number="341" hits="0" branch="false"/>
								<line number="343" hits="0" branch="false"/>
								<line number="348" hits="0" branch="false"/>
							</lines>
						</method>
						<method name="expectInterfaceProperty" signature="(Lcom/google/javascript/jscomp/NodeTraversal;Lcom/google/javascript/rhino/Node;Lcom/google/javascript/rhino/jstype/ObjectType;Lcom/google/javascript/rhino/jstype/ObjectType;Ljava/lang/String;)V" line-rate="0.0" branch-rate="0.0">
							<lines>
								<line number="611" hits="0" branch="false"/>
								<line number="612" hits="0" branch="true" condition-coverage="0% (0/2)">
									<conditions>
										<condition number="0" type="jump" coverage="0%"/>
									</conditions>
								</line>
								<line number="614" hits="0" branch="false"/>
								<line number="615" hits="0" branch="true" condition-coverage="0% (0/2)">
									<conditions>
										<condition number="0" type="jump" coverage="0%"/>
									</conditions>
								</line>
								<line number="616" hits="0" branch="false"/>
								<line number="620" hits="0" branch="false"/>
								<line number="621" hits="0" branch="true" condition-coverage="0% (0/2)">
									<conditions>
										<condition number="0" type="jump" coverage="0%"/>
									</conditions>
								</line>
								<line number="626" hits="0" branch="true" condition-coverage="0% (0/2)">
									<conditions>
										<condition number="0" type="jump" coverage="0%"/>
									</conditions>
								</line>
								<line number="628" hits="0" branch="false"/>
								<line number="629" hits="0" branch="false"/>
								<line number="631" hits="0" branch="false"/>
								<line number="632" hits="0" branch="false"/>
								<line number="633" hits="0" branch="true" condition-coverage="0% (0/2)">
									<conditions>
										<condition number="0" type="jump" coverage="0%"/>
									</conditions>
								</line>
								<line number="635" hits="0" branch="false"/>
								<line number="637" hits="0" branch="false"/>
								<line number="643" hits="0" branch="false"/>
							</lines>
						</method>
						<method name="expectNotNullOrUndefined" signature="(Lcom/google/javascript/jscomp/NodeTraversal;Lcom/google/javascript/rhino/Node;Lcom/google/javascript/rhino/jstype/JSType;Ljava/lang/String;Lcom/google/javascript/rhino/jstype/JSType;)Z" line-rate="0.3333333333333333" branch-rate="0.21428571428571427">
							<lines>
								<line number="257" hits="18" branch="true" condition-coverage="37% (3/8)">
									<conditions>
										<condition number="0" type="jump" coverage="50%"/>
										<condition number="1" type="jump" coverage="50%"/>
										<condition number="2" type="jump" coverage="50%"/>
										<condition number="3" type="jump" coverage="0%"/>
									</conditions>
								</line>
								<line number="272" hits="0" branch="true" condition-coverage="0% (0/6)">
									<conditions>
										<condition number="0" type="jump" coverage="0%"/>
										<condition number="1" type="jump" coverage="0%"/>
										<condition number="2" type="jump" coverage="0%"/>
									</conditions>
								</line>
								<line number="274" hits="0" branch="false"/>
								<line number="277" hits="0" branch="false"/>
								<line number="278" hits="0" branch="false"/>
								<line number="280" hits="18" branch="false"/>
							</lines>
						</method>
						<method name="expectNumber" signature="(Lcom/google/javascript/jscomp/NodeTraversal;Lcom/google/javascript/rhino/Node;Lcom/google/javascript/rhino/jstype/JSType;Ljava/lang/String;)V" line-rate="0.0" branch-rate="0.0">
							<lines>
								<line number="220" hits="0" branch="true" condition-coverage="0% (0/2)">
									<conditions>
										<condition number="0" type="jump" coverage="0%"/>
									</conditions>
								</line>
								<line number="221" hits="0" branch="false"/>
								<line number="223" hits="0" branch="false"/>
							</lines>
						</method>
						<method name="expectObject" signature="(Lcom/google/javascript/jscomp/NodeTraversal;Lcom/google/javascript/rhino/Node;Lcom/google/javascript/rhino/jstype/JSType;Ljava/lang/String;)Z" line-rate="0.0" branch-rate="0.0">
							<lines>
								<line number="175" hits="0" branch="true" condition-coverage="0% (0/2)">
									<conditions>
										<condition number="0" type="jump" coverage="0%"/>
									</conditions>
								</line>
								<line number="176" hits="0" branch="false"/>
								<line number="177" hits="0" branch="false"/>
								<line number="179" hits="0" branch="false"/>
							</lines>
						</method>
						<method name="expectString" signature="(Lcom/google/javascript/jscomp/NodeTraversal;Lcom/google/javascript/rhino/Node;Lcom/google/javascript/rhino/jstype/JSType;Ljava/lang/String;)V" line-rate="0.0" branch-rate="0.0">
							<lines>
								<line number="209" hits="0" branch="true" condition-coverage="0% (0/2)">
									<conditions>
										<condition number="0" type="jump" coverage="0%"/>
									</conditions>
								</line>
								<line number="210" hits="0" branch="false"/>
								<line number="212" hits="0" branch="false"/>
							</lines>
						</method>
						<method name="expectStringOrNumber" signature="(Lcom/google/javascript/jscomp/NodeTraversal;Lcom/google/javascript/rhino/Node;Lcom/google/javascript/rhino/jstype/JSType;Ljava/lang/String;)V" line-rate="0.0" branch-rate="0.0">
							<lines>
								<line number="243" hits="0" branch="true" condition-coverage="0% (0/4)">
									<conditions>
										<condition number="0" type="jump" coverage="0%"/>
										<condition number="1" type="jump" coverage="0%"/>
									</conditions>
								</line>
								<line number="244" hits="0" branch="false"/>
								<line number="246" hits="0" branch="false"/>
							</lines>
						</method>
						<method name="expectSuperType" signature="(Lcom/google/javascript/jscomp/NodeTraversal;Lcom/google/javascript/rhino/Node;Lcom/google/javascript/rhino/jstype/ObjectType;Lcom/google/javascript/rhino/jstype/ObjectType;)V" line-rate="0.0" branch-rate="0.0">
							<lines>
								<line number="470" hits="0" branch="false"/>
								<line number="471" hits="0" branch="false"/>
								<line number="472" hits="0" branch="true" condition-coverage="0% (0/2)">
									<conditions>
										<condition number="0" type="jump" coverage="0%"/>
									</conditions>
								</line>
								<line number="474" hits="0" branch="true" condition-coverage="0% (0/6)">
									<conditions>
										<condition number="0" type="jump" coverage="0%"/>
										<condition number="1" type="jump" coverage="0%"/>
										<condition number="2" type="jump" coverage="0%"/>
									</conditions>
								</line>
								<line number="477" hits="0" branch="true" condition-coverage="0% (0/2)">
									<conditions>
										<condition number="0" type="jump" coverage="0%"/>
									</conditions>
								</line>
								<line number="478" hits="0" branch="false"/>
								<line number="481" hits="0" branch="false"/>
								<line number="487" hits="0" branch="true" condition-coverage="0% (0/2)">
									<conditions>
										<condition number="0" type="jump" coverage="0%"/>
									</conditions>
								</line>
								<line number="488" hits="0" branch="false"/>
								<line number="491" hits="0" branch="false"/>
							</lines>
						</method>
						<method name="expectSwitchMatchesCase" signature="(Lcom/google/javascript/jscomp/NodeTraversal;Lcom/google/javascript/rhino/Node;Lcom/google/javascript/rhino/jstype/JSType;Lcom/google/javascript/rhino/jstype/JSType;)V" line-rate="0.0" branch-rate="0.0">
							<lines>
								<line number="304" hits="0" branch="true" condition-coverage="0% (0/6)">
									<conditions>
										<condition number="0" type="jump" coverage="0%"/>
										<condition number="1" type="jump" coverage="0%"/>
										<condition number="2" type="jump" coverage="0%"/>
									</conditions>
								</line>
								<line number="307" hits="0" branch="false"/>
								<line number="311" hits="0" branch="false"/>
							</lines>
						</method>
						<method name="expectUndeclaredVariable" signature="(Ljava/lang/String;Lcom/google/javascript/jscomp/CompilerInput;Lcom/google/javascript/rhino/Node;Lcom/google/javascript/rhino/Node;Lcom/google/javascript/jscomp/Scope$Var;Ljava/lang/String;Lcom/google/javascript/rhino/jstype/JSType;)Lcom/google/javascript/jscomp/Scope$Var;" line-rate="0.6521739130434783" branch-rate="0.26666666666666666">
							<lines>
								<line number="528" hits="5" branch="false"/>
								<line number="529" hits="5" branch="false"/>
								<line number="530" hits="5" branch="true" condition-coverage="50% (2/4)">
									<conditions>
										<condition number="0" type="jump" coverage="50%"/>
										<condition number="1" type="jump" coverage="50%"/>
									</conditions>
								</line>
								<line number="532" hits="0" branch="false"/>
								<line number="533" hits="0" branch="true" condition-coverage="0% (0/2)">
									<conditions>
										<condition number="0" type="jump" coverage="0%"/>
									</conditions>
								</line>
								<line number="534" hits="0" branch="false"/>
								<line number="536" hits="0" branch="true" condition-coverage="0% (0/4)">
									<conditions>
										<condition number="0" type="jump" coverage="0%"/>
										<condition number="1" type="jump" coverage="0%"/>
									</conditions>
								</line>
								<line number="540" hits="5" branch="false"/>
								<line number="545" hits="5" branch="true" condition-coverage="50% (4/8)">
									<conditions>
										<condition number="0" type="jump" coverage="50%"/>
										<condition number="1" type="jump" coverage="50%"/>
										<condition number="2" type="jump" coverage="50%"/>
										<condition number="3" type="jump" coverage="50%"/>
									</conditions>
								</line>
								<line number="554" hits="5" branch="true" condition-coverage="50% (1/2)">
									<conditions>
										<condition number="0" type="jump" coverage="50%"/>
									</conditions>
								</line>
								<line number="555" hits="5" branch="false"/>
								<line number="556" hits="5" branch="false"/>
								<line number="557" hits="5" branch="false"/>
								<line number="559" hits="5" branch="false"/>
								<line number="560" hits="5" branch="true" condition-coverage="50% (1/2)">
									<conditions>
										<condition number="0" type="jump" coverage="50%"/>
									</conditions>
								</line>
								<line number="561" hits="0" branch="true" condition-coverage="0% (0/2)">
									<conditions>
										<condition number="0" type="jump" coverage="0%"/>
									</conditions>
								</line>
								<line number="562" hits="0" branch="false"/>
								<line number="565" hits="5" branch="false"/>
								<line number="566" hits="5" branch="false"/>
								<line number="568" hits="5" branch="false"/>
								<line number="574" hits="0" branch="true" condition-coverage="0% (0/6)">
									<conditions>
										<condition number="0" type="jump" coverage="0%"/>
										<condition number="1" type="jump" coverage="0%"/>
										<condition number="2" type="jump" coverage="0%"/>
									</conditions>
								</line>
								<line number="577" hits="0" branch="false"/>
								<line number="585" hits="5" branch="false"/>
							</lines>
						</method>
						<method name="expectValidTypeofName" signature="(Lcom/google/javascript/jscomp/NodeTraversal;Lcom/google/javascript/rhino/Node;Ljava/lang/String;)V" line-rate="0.0" branch-rate="1.0">
							<lines>
								<line number="165" hits="0" branch="false"/>
								<line number="166" hits="0" branch="false"/>
							</lines>
						</method>
						<method name="formatFoundRequired" signature="(Ljava/lang/String;Lcom/google/javascript/rhino/jstype/JSType;Lcom/google/javascript/rhino/jstype/JSType;)Ljava/lang/String;" line-rate="0.0" branch-rate="1.0">
							<lines>
								<line number="704" hits="0" branch="false"/>
							</lines>
						</method>
						<method name="getJSType" signature="(Lcom/google/javascript/rhino/Node;)Lcom/google/javascript/rhino/jstype/JSType;" line-rate="0.75" branch-rate="0.5">
							<lines>
								<line number="775" hits="1" branch="false"/>
								<line number="776" hits="1" branch="true" condition-coverage="50% (1/2)">
									<conditions>
										<condition number="0" type="jump" coverage="50%"/>
									</conditions>
								</line>
								<line number="781" hits="0" branch="false"/>
								<line number="783" hits="1" branch="false"/>
							</lines>
						</method>
						<method name="getMismatches" signature="()Ljava/lang/Iterable;" line-rate="0.0" branch-rate="1.0">
							<lines>
								<line number="152" hits="0" branch="false"/>
							</lines>
						</method>
						<method name="getNativeType" signature="(Lcom/google/javascript/rhino/jstype/JSTypeNative;)Lcom/google/javascript/rhino/jstype/JSType;" line-rate="0.0" branch-rate="1.0">
							<lines>
								<line number="788" hits="0" branch="false"/>
							</lines>
						</method>
						<method name="getReadableJSTypeName" signature="(Lcom/google/javascript/rhino/Node;Z)Ljava/lang/String;" line-rate="0.391304347826087" branch-rate="0.1875">
							<lines>
								<line number="722" hits="1" branch="true" condition-coverage="50% (1/2)">
									<conditions>
										<condition number="0" type="jump" coverage="50%"/>
									</conditions>
								</line>
								<line number="723" hits="0" branch="false"/>
								<line number="724" hits="0" branch="true" condition-coverage="0% (0/2)">
									<conditions>
										<condition number="0" type="jump" coverage="0%"/>
									</conditions>
								</line>
								<line number="725" hits="0" branch="false"/>
								<line number="726" hits="0" branch="true" condition-coverage="0% (0/4)">
									<conditions>
										<condition number="0" type="jump" coverage="0%"/>
										<condition number="1" type="jump" coverage="0%"/>
									</conditions>
								</line>
								<line number="728" hits="0" branch="false"/>
								<line number="732" hits="0" branch="true" condition-coverage="0% (0/4)">
									<conditions>
										<condition number="0" type="jump" coverage="0%"/>
										<condition number="1" type="jump" coverage="0%"/>
									</conditions>
								</line>
								<line number="733" hits="0" branch="false"/>
								<line number="739" hits="0" branch="true" condition-coverage="0% (0/6)">
									<conditions>
										<condition number="0" type="jump" coverage="0%"/>
										<condition number="1" type="jump" coverage="0%"/>
										<condition number="2" type="jump" coverage="0%"/>
									</conditions>
								</line>
								<line number="742" hits="0" branch="false"/>
								<line number="747" hits="1" branch="false"/>
								<line number="748" hits="1" branch="true" condition-coverage="50% (1/2)">
									<conditions>
										<condition number="0" type="jump" coverage="50%"/>
									</conditions>
								</line>
								<line number="749" hits="1" branch="false"/>
								<line number="750" hits="1" branch="true" condition-coverage="50% (1/2)">
									<conditions>
										<condition number="0" type="jump" coverage="50%"/>
									</conditions>
								</line>
								<line number="751" hits="1" branch="false"/>
								<line number="755" hits="1" branch="false"/>
								<line number="756" hits="1" branch="true" condition-coverage="50% (3/6)">
									<conditions>
										<condition number="0" type="jump" coverage="50%"/>
										<condition number="1" type="jump" coverage="50%"/>
										<condition number="2" type="jump" coverage="50%"/>
									</conditions>
								</line>
								<line number="759" hits="1" branch="false"/>
								<line number="760" hits="0" branch="true" condition-coverage="0% (0/2)">
									<conditions>
										<condition number="0" type="jump" coverage="0%"/>
									</conditions>
								</line>
								<line number="761" hits="0" branch="false"/>
								<line number="762" hits="0" branch="true" condition-coverage="0% (0/2)">
									<conditions>
										<condition number="0" type="jump" coverage="0%"/>
									</conditions>
								</line>
								<line number="764" hits="0" branch="false"/>
								<line number="766" hits="0" branch="false"/>
							</lines>
						</method>
						<method name="mismatch" signature="(Lcom/google/javascript/jscomp/NodeTraversal;Lcom/google/javascript/rhino/Node;Ljava/lang/String;Lcom/google/javascript/rhino/jstype/JSType;Lcom/google/javascript/rhino/jstype/JSType;)V" line-rate="0.0" branch-rate="1.0">
							<lines>
								<line number="650" hits="0" branch="false"/>
								<line number="651" hits="0" branch="false"/>
							</lines>
						</method>
						<method name="mismatch" signature="(Lcom/google/javascript/jscomp/NodeTraversal;Lcom/google/javascript/rhino/Node;Ljava/lang/String;Lcom/google/javascript/rhino/jstype/JSType;Lcom/google/javascript/rhino/jstype/JSTypeNative;)V" line-rate="0.0" branch-rate="1.0">
							<lines>
								<line number="655" hits="0" branch="false"/>
								<line number="656" hits="0" branch="false"/>
							</lines>
						</method>
						<method name="mismatch" signature="(Ljava/lang/String;Lcom/google/javascript/rhino/Node;Ljava/lang/String;Lcom/google/javascript/rhino/jstype/JSType;Lcom/google/javascript/rhino/jstype/JSType;)V" line-rate="0.0" branch-rate="1.0">
							<lines>
								<line number="660" hits="0" branch="false"/>
								<line number="663" hits="0" branch="false"/>
							</lines>
						</method>
						<method name="registerIfMismatch" signature="(Lcom/google/javascript/rhino/jstype/JSType;Lcom/google/javascript/rhino/jstype/JSType;Lcom/google/javascript/jscomp/JSError;)V" line-rate="0.0" branch-rate="0.0">
							<lines>
								<line number="693" hits="0" branch="true" condition-coverage="0% (0/6)">
									<conditions>
										<condition number="0" type="jump" coverage="0%"/>
										<condition number="1" type="jump" coverage="0%"/>
										<condition number="2" type="jump" coverage="0%"/>
									</conditions>
								</line>
								<line number="695" hits="0" branch="false"/>
								<line number="697" hits="0" branch="false"/>
							</lines>
						</method>
						<method name="registerMismatch" signature="(Lcom/google/javascript/rhino/jstype/JSType;Lcom/google/javascript/rhino/jstype/JSType;Lcom/google/javascript/jscomp/JSError;)V" line-rate="0.0" branch-rate="0.0">
							<lines>
								<line number="668" hits="0" branch="false"/>
								<line number="669" hits="0" branch="false"/>
								<line number="670" hits="0" branch="true" condition-coverage="0% (0/4)">
									<conditions>
										<condition number="0" type="jump" coverage="0%"/>
										<condition number="1" type="jump" coverage="0%"/>
									</conditions>
								</line>
								<line number="671" hits="0" branch="false"/>
								<line number="674" hits="0" branch="false"/>
								<line number="675" hits="0" branch="true" condition-coverage="0% (0/4)">
									<conditions>
										<condition number="0" type="jump" coverage="0%"/>
										<condition number="1" type="jump" coverage="0%"/>
									</conditions>
								</line>
								<line number="677" hits="0" branch="false"/>
								<line number="678" hits="0" branch="false"/>
								<line number="679" hits="0" branch="false"/>
								<line number="680" hits="0" branch="false"/>
								<line number="681" hits="0" branch="true" condition-coverage="0% (0/4)">
									<conditions>
										<condition number="0" type="jump" coverage="0%"/>
										<condition number="1" type="jump" coverage="0%"/>
									</conditions>
								</line>
								<line number="682" hits="0" branch="false"/>
								<line number="686" hits="0" branch="false"/>
								<line number="689" hits="0" branch="false"/>
							</lines>
						</method>
						<method name="report" signature="(Lcom/google/javascript/jscomp/JSError;)Lcom/google/javascript/jscomp/JSError;" line-rate="0.0" branch-rate="0.0">
							<lines>
								<line number="792" hits="0" branch="true" condition-coverage="0% (0/2)">
									<conditions>
										<condition number="0" type="jump" coverage="0%"/>
									</conditions>
								</line>
								<line number="793" hits="0" branch="false"/>
								<line number="795" hits="0" branch="false"/>
							</lines>
						</method>
						<method name="setShouldReport" signature="(Z)V" line-rate="1.0" branch-rate="1.0">
							<lines>
								<line number="156" hits="48" branch="false"/>
								<line number="157" hits="48" branch="false"/>
							</lines>
						</method>
					</methods>
					<lines>
						<line number="63" hits="1" branch="false"/>
						<line number="69" hits="1" branch="false"/>
						<line number="77" hits="1" branch="false"/>
						<line number="83" hits="1" branch="false"/>
						<line number="88" hits="1" branch="false"/>
						<line number="93" hits="1" branch="false"/>
						<line number="98" hits="1" branch="false"/>
						<line number="105" hits="1" branch="false"/>
						<line number="110" hits="1" branch="false"/>
						<line number="118" hits="1" branch="false"/>
						<line number="121" hits="1" branch="false"/>
						<line number="125" hits="1" branch="false"/>
						<line number="136" hits="1" branch="false"/>
						<line number="137" hits="1" branch="false"/>
						<line number="138" hits="1" branch="false"/>
						<line number="139" hits="1" branch="false"/>
						<line number="141" hits="1" branch="false"/>
						<line number="143" hits="1" branch="false"/>
						<line number="152" hits="0" branch="false"/>
						<line number="156" hits="48" branch="false"/>
						<line number="157" hits="48" branch="false"/>
						<line number="165" hits="0" branch="false"/>
						<line number="166" hits="0" branch="false"/>
						<line number="175" hits="0" branch="true" condition-coverage="0% (0/2)">
							<conditions>
								<condition number="0" type="jump" coverage="0%"/>
							</conditions>
						</line>
						<line number="176" hits="0" branch="false"/>
						<line number="177" hits="0" branch="false"/>
						<line number="179" hits="0" branch="false"/>
						<line number="187" hits="0" branch="true" condition-coverage="0% (0/2)">
							<conditions>
								<condition number="0" type="jump" coverage="0%"/>
							</conditions>
						</line>
						<line number="188" hits="0" branch="false"/>
						<line number="190" hits="0" branch="false"/>
						<line number="197" hits="0" branch="false"/>
						<line number="198" hits="0" branch="true" condition-coverage="0% (0/4)">
							<conditions>
								<condition number="0" type="jump" coverage="0%"/>
								<condition number="1" type="jump" coverage="0%"/>
							</conditions>
						</line>
						<line number="199" hits="0" branch="false"/>
						<line number="201" hits="0" branch="false"/>
						<line number="209" hits="0" branch="true" condition-coverage="0% (0/2)">
							<conditions>
								<condition number="0" type="jump" coverage="0%"/>
							</conditions>
						</line>
						<line number="210" hits="0" branch="false"/>
						<line number="212" hits="0" branch="false"/>
						<line number="220" hits="0" branch="true" condition-coverage="0% (0/2)">
							<conditions>
								<condition number="0" type="jump" coverage="0%"/>
							</conditions>
						</line>
						<line number="221" hits="0" branch="false"/>
						<line number="223" hits="0" branch="false"/>
						<line number="231" hits="0" branch="true" condition-coverage="0% (0/4)">
							<conditions>
								<condition number="0" type="jump" coverage="0%"/>
								<condition number="1" type="jump" coverage="0%"/>
							</conditions>
						</line>
						<line number="232" hits="0" branch="false"/>
						<line number="234" hits="0" branch="false"/>
						<line number="243" hits="0" branch="true" condition-coverage="0% (0/4)">
							<conditions>
								<condition number="0" type="jump" coverage="0%"/>
								<condition number="1" type="jump" coverage="0%"/>
							</conditions>
						</line>
						<line number="244" hits="0" branch="false"/>
						<line number="246" hits="0" branch="false"/>
						<line number="257" hits="18" branch="true" condition-coverage="37% (3/8)">
							<conditions>
								<condition number="0" type="jump" coverage="50%"/>
								<condition number="1" type="jump" coverage="50%"/>
								<condition number="2" type="jump" coverage="50%"/>
								<condition number="3" type="jump" coverage="0%"/>
							</conditions>
						</line>
						<line number="272" hits="0" branch="true" condition-coverage="0% (0/6)">
							<conditions>
								<condition number="0" type="jump" coverage="0%"/>
								<condition number="1" type="jump" coverage="0%"/>
								<condition number="2" type="jump" coverage="0%"/>
							</conditions>
						</line>
						<line number="274" hits="0" branch="false"/>
						<line number="277" hits="0" branch="false"/>
						<line number="278" hits="0" branch="false"/>
						<line number="280" hits="18" branch="false"/>
						<line number="284" hits="0" branch="true" condition-coverage="0% (0/2)">
							<conditions>
								<condition number="0" type="jump" coverage="0%"/>
							</conditions>
						</line>
						<line number="285" hits="0" branch="true" condition-coverage="0% (0/2)">
							<conditions>
								<condition number="0" type="jump" coverage="0%"/>
							</conditions>
						</line>
						<line number="286" hits="0" branch="true" condition-coverage="0% (0/2)">
							<conditions>
								<condition number="0" type="jump" coverage="0%"/>
							</conditions>
						</line>
						<line number="287" hits="0" branch="false"/>
						<line number="289" hits="0" branch="false"/>
						<line number="291" hits="0" branch="false"/>
						<line number="304" hits="0" branch="true" condition-coverage="0% (0/6)">
							<conditions>
								<condition number="0" type="jump" coverage="0%"/>
								<condition number="1" type="jump" coverage="0%"/>
								<condition number="2" type="jump" coverage="0%"/>
							</conditions>
						</line>
						<line number="307" hits="0" branch="false"/>
						<line number="311" hits="0" branch="false"/>
						<line number="325" hits="0" branch="false"/>
						<line number="326" hits="0" branch="false"/>
						<line number="327" hits="0" branch="true" condition-coverage="0% (0/2)">
							<conditions>
								<condition number="0" type="jump" coverage="0%"/>
							</conditions>
						</line>
						<line number="328" hits="0" branch="false"/>
						<line number="331" hits="0" branch="true" condition-coverage="0% (0/2)">
							<conditions>
								<condition number="0" type="jump" coverage="0%"/>
							</conditions>
						</line>
						<line number="332" hits="0" branch="false"/>
						<line number="334" hits="0" branch="false"/>
						<line number="335" hits="0" branch="true" condition-coverage="0% (0/4)">
							<conditions>
								<condition number="0" type="jump" coverage="0%"/>
								<condition number="1" type="jump" coverage="0%"/>
							</conditions>
						</line>
						<line number="336" hits="0" branch="false"/>
						<line number="338" hits="0" branch="true" condition-coverage="0% (0/4)">
							<conditions>
								<condition number="0" type="jump" coverage="0%"/>
								<condition number="1" type="jump" coverage="0%"/>
							</conditions>
						</line>
						<line number="339" hits="0" branch="false"/>
						<line number="340" hits="0" branch="true" condition-coverage="0% (0/2)">
							<conditions>
								<condition number="0" type="jump" coverage="0%"/>
							</conditions>
						</line>
						<line number="341" hits="0" branch="false"/>
						<line number="343" hits="0" branch="false"/>
						<line number="348" hits="0" branch="false"/>
						<line number="365" hits="2" branch="true" condition-coverage="50% (2/4)">
							<conditions>
								<condition number="0" type="jump" coverage="50%"/>
								<condition number="1" type="jump" coverage="50%"/>
							</conditions>
						</line>
						<line number="366" hits="0" branch="true" condition-coverage="0% (0/8)">
							<conditions>
								<condition number="0" type="jump" coverage="0%"/>
								<condition number="1" type="jump" coverage="0%"/>
								<condition number="2" type="jump" coverage="0%"/>
								<condition number="3" type="jump" coverage="0%"/>
							</conditions>
						</line>
						<line number="367" hits="0" branch="false"/>
						<line number="372" hits="0" branch="false"/>
						<line number="373" hits="0" branch="true" condition-coverage="0% (0/2)">
							<conditions>
								<condition number="0" type="jump" coverage="0%"/>
							</conditions>
						</line>
						<line number="374" hits="0" branch="false"/>
						<line number="375" hits="0" branch="true" condition-coverage="0% (0/6)">
							<conditions>
								<condition number="0" type="jump" coverage="0%"/>
								<condition number="1" type="jump" coverage="0%"/>
								<condition number="2" type="jump" coverage="0%"/>
							</conditions>
						</line>
						<line number="377" hits="0" branch="false"/>
						<line number="381" hits="0" branch="false"/>
						<line number="386" hits="0" branch="false"/>
						<line number="388" hits="2" branch="false"/>
						<line number="404" hits="2" branch="true" condition-coverage="50% (1/2)">
							<conditions>
								<condition number="0" type="jump" coverage="50%"/>
							</conditions>
						</line>
						<line number="405" hits="0" branch="true" condition-coverage="0% (0/8)">
							<conditions>
								<condition number="0" type="jump" coverage="0%"/>
								<condition number="1" type="jump" coverage="0%"/>
								<condition number="2" type="jump" coverage="0%"/>
								<condition number="3" type="jump" coverage="0%"/>
							</conditions>
						</line>
						<line number="406" hits="0" branch="false"/>
						<line number="408" hits="0" branch="false"/>
						<line number="410" hits="0" branch="false"/>
						<line number="412" hits="2" branch="false"/>
						<line number="428" hits="0" branch="true" condition-coverage="0% (0/2)">
							<conditions>
								<condition number="0" type="jump" coverage="0%"/>
							</conditions>
						</line>
						<line number="429" hits="0" branch="false"/>
						<line number="435" hits="0" branch="false"/>
						<line number="452" hits="0" branch="true" condition-coverage="0% (0/2)">
							<conditions>
								<condition number="0" type="jump" coverage="0%"/>
							</conditions>
						</line>
						<line number="453" hits="0" branch="false"/>
						<line number="458" hits="0" branch="false"/>
						<line number="470" hits="0" branch="false"/>
						<line number="471" hits="0" branch="false"/>
						<line number="472" hits="0" branch="true" condition-coverage="0% (0/2)">
							<conditions>
								<condition number="0" type="jump" coverage="0%"/>
							</conditions>
						</line>
						<line number="474" hits="0" branch="true" condition-coverage="0% (0/6)">
							<conditions>
								<condition number="0" type="jump" coverage="0%"/>
								<condition number="1" type="jump" coverage="0%"/>
								<condition number="2" type="jump" coverage="0%"/>
							</conditions>
						</line>
						<line number="477" hits="0" branch="true" condition-coverage="0% (0/2)">
							<conditions>
								<condition number="0" type="jump" coverage="0%"/>
							</conditions>
						</line>
						<line number="478" hits="0" branch="false"/>
						<line number="481" hits="0" branch="false"/>
						<line number="487" hits="0" branch="true" condition-coverage="0% (0/2)">
							<conditions>
								<condition number="0" type="jump" coverage="0%"/>
							</conditions>
						</line>
						<line number="488" hits="0" branch="false"/>
						<line number="491" hits="0" branch="false"/>
						<line number="503" hits="6" branch="false"/>
						<line number="504" hits="6" branch="false"/>
						<line number="506" hits="6" branch="true" condition-coverage="25% (1/4)">
							<conditions>
								<condition number="0" type="jump" coverage="50%"/>
								<condition number="1" type="jump" coverage="0%"/>
							</conditions>
						</line>
						<line number="507" hits="0" branch="false"/>
						<line number="510" hits="6" branch="false"/>
						<line number="528" hits="5" branch="false"/>
						<line number="529" hits="5" branch="false"/>
						<line number="530" hits="5" branch="true" condition-coverage="50% (2/4)">
							<conditions>
								<condition number="0" type="jump" coverage="50%"/>
								<condition number="1" type="jump" coverage="50%"/>
							</conditions>
						</line>
						<line number="532" hits="0" branch="false"/>
						<line number="533" hits="0" branch="true" condition-coverage="0% (0/2)">
							<conditions>
								<condition number="0" type="jump" coverage="0%"/>
							</conditions>
						</line>
						<line number="534" hits="0" branch="false"/>
						<line number="536" hits="0" branch="true" condition-coverage="0% (0/4)">
							<conditions>
								<condition number="0" type="jump" coverage="0%"/>
								<condition number="1" type="jump" coverage="0%"/>
							</conditions>
						</line>
						<line number="540" hits="5" branch="false"/>
						<line number="545" hits="5" branch="true" condition-coverage="50% (4/8)">
							<conditions>
								<condition number="0" type="jump" coverage="50%"/>
								<condition number="1" type="jump" coverage="50%"/>
								<condition number="2" type="jump" coverage="50%"/>
								<condition number="3" type="jump" coverage="50%"/>
							</conditions>
						</line>
						<line number="554" hits="5" branch="true" condition-coverage="50% (1/2)">
							<conditions>
								<condition number="0" type="jump" coverage="50%"/>
							</conditions>
						</line>
						<line number="555" hits="5" branch="false"/>
						<line number="556" hits="5" branch="false"/>
						<line number="557" hits="5" branch="false"/>
						<line number="559" hits="5" branch="false"/>
						<line number="560" hits="5" branch="true" condition-coverage="50% (1/2)">
							<conditions>
								<condition number="0" type="jump" coverage="50%"/>
							</conditions>
						</line>
						<line number="561" hits="0" branch="true" condition-coverage="0% (0/2)">
							<conditions>
								<condition number="0" type="jump" coverage="0%"/>
							</conditions>
						</line>
						<line number="562" hits="0" branch="false"/>
						<line number="565" hits="5" branch="false"/>
						<line number="566" hits="5" branch="false"/>
						<line number="568" hits="5" branch="false"/>
						<line number="574" hits="0" branch="true" condition-coverage="0% (0/6)">
							<conditions>
								<condition number="0" type="jump" coverage="0%"/>
								<condition number="1" type="jump" coverage="0%"/>
								<condition number="2" type="jump" coverage="0%"/>
							</conditions>
						</line>
						<line number="577" hits="0" branch="false"/>
						<line number="585" hits="5" branch="false"/>
						<line number="594" hits="7" branch="false"/>
						<line number="595" hits="7" branch="true" condition-coverage="50% (1/2)">
							<conditions>
								<condition number="0" type="jump" coverage="50%"/>
							</conditions>
						</line>
						<line number="596" hits="0" branch="true" condition-coverage="0% (0/2)">
							<conditions>
								<condition number="0" type="jump" coverage="0%"/>
							</conditions>
						</line>
						<line number="598" hits="0" branch="true" condition-coverage="0% (0/2)">
							<conditions>
								<condition number="0" type="jump" coverage="0%"/>
							</conditions>
						</line>
						<line number="599" hits="0" branch="false"/>
						<line number="600" hits="0" branch="false"/>
						<line number="602" hits="0" branch="false"/>
						<line number="603" hits="7" branch="false"/>
						<line number="611" hits="0" branch="false"/>
						<line number="612" hits="0" branch="true" condition-coverage="0% (0/2)">
							<conditions>
								<condition number="0" type="jump" coverage="0%"/>
							</conditions>
						</line>
						<line number="614" hits="0" branch="false"/>
						<line number="615" hits="0" branch="true" condition-coverage="0% (0/2)">
							<conditions>
								<condition number="0" type="jump" coverage="0%"/>
							</conditions>
						</line>
						<line number="616" hits="0" branch="false"/>
						<line number="620" hits="0" branch="false"/>
						<line number="621" hits="0" branch="true" condition-coverage="0% (0/2)">
							<conditions>
								<condition number="0" type="jump" coverage="0%"/>
							</conditions>
						</line>
						<line number="626" hits="0" branch="true" condition-coverage="0% (0/2)">
							<conditions>
								<condition number="0" type="jump" coverage="0%"/>
							</conditions>
						</line>
						<line number="628" hits="0" branch="false"/>
						<line number="629" hits="0" branch="false"/>
						<line number="631" hits="0" branch="false"/>
						<line number="632" hits="0" branch="false"/>
						<line number="633" hits="0" branch="true" condition-coverage="0% (0/2)">
							<conditions>
								<condition number="0" type="jump" coverage="0%"/>
							</conditions>
						</line>
						<line number="635" hits="0" branch="false"/>
						<line number="637" hits="0" branch="false"/>
						<line number="643" hits="0" branch="false"/>
						<line number="650" hits="0" branch="false"/>
						<line number="651" hits="0" branch="false"/>
						<line number="655" hits="0" branch="false"/>
						<line number="656" hits="0" branch="false"/>
						<line number="660" hits="0" branch="false"/>
						<line number="663" hits="0" branch="false"/>
						<line number="668" hits="0" branch="false"/>
						<line number="669" hits="0" branch="false"/>
						<line number="670" hits="0" branch="true" condition-coverage="0% (0/4)">
							<conditions>
								<condition number="0" type="jump" coverage="0%"/>
								<condition number="1" type="jump" coverage="0%"/>
							</conditions>
						</line>
						<line number="671" hits="0" branch="false"/>
						<line number="674" hits="0" branch="false"/>
						<line number="675" hits="0" branch="true" condition-coverage="0% (0/4)">
							<conditions>
								<condition number="0" type="jump" coverage="0%"/>
								<condition number="1" type="jump" coverage="0%"/>
							</conditions>
						</line>
						<line number="677" hits="0" branch="false"/>
						<line number="678" hits="0" branch="false"/>
						<line number="679" hits="0" branch="false"/>
						<line number="680" hits="0" branch="false"/>
						<line number="681" hits="0" branch="true" condition-coverage="0% (0/4)">
							<conditions>
								<condition number="0" type="jump" coverage="0%"/>
								<condition number="1" type="jump" coverage="0%"/>
							</conditions>
						</line>
						<line number="682" hits="0" branch="false"/>
						<line number="686" hits="0" branch="false"/>
						<line number="689" hits="0" branch="false"/>
						<line number="693" hits="0" branch="true" condition-coverage="0% (0/6)">
							<conditions>
								<condition number="0" type="jump" coverage="0%"/>
								<condition number="1" type="jump" coverage="0%"/>
								<condition number="2" type="jump" coverage="0%"/>
							</conditions>
						</line>
						<line number="695" hits="0" branch="false"/>
						<line number="697" hits="0" branch="false"/>
						<line number="704" hits="0" branch="false"/>
						<line number="722" hits="1" branch="true" condition-coverage="50% (1/2)">
							<conditions>
								<condition number="0" type="jump" coverage="50%"/>
							</conditions>
						</line>
						<line number="723" hits="0" branch="false"/>
						<line number="724" hits="0" branch="true" condition-coverage="0% (0/2)">
							<conditions>
								<condition number="0" type="jump" coverage="0%"/>
							</conditions>
						</line>
						<line number="725" hits="0" branch="false"/>
						<line number="726" hits="0" branch="true" condition-coverage="0% (0/4)">
							<conditions>
								<condition number="0" type="jump" coverage="0%"/>
								<condition number="1" type="jump" coverage="0%"/>
							</conditions>
						</line>
						<line number="728" hits="0" branch="false"/>
						<line number="732" hits="0" branch="true" condition-coverage="0% (0/4)">
							<conditions>
								<condition number="0" type="jump" coverage="0%"/>
								<condition number="1" type="jump" coverage="0%"/>
							</conditions>
						</line>
						<line number="733" hits="0" branch="false"/>
						<line number="739" hits="0" branch="true" condition-coverage="0% (0/6)">
							<conditions>
								<condition number="0" type="jump" coverage="0%"/>
								<condition number="1" type="jump" coverage="0%"/>
								<condition number="2" type="jump" coverage="0%"/>
							</conditions>
						</line>
						<line number="742" hits="0" branch="false"/>
						<line number="747" hits="1" branch="false"/>
						<line number="748" hits="1" branch="true" condition-coverage="50% (1/2)">
							<conditions>
								<condition number="0" type="jump" coverage="50%"/>
							</conditions>
						</line>
						<line number="749" hits="1" branch="false"/>
						<line number="750" hits="1" branch="true" condition-coverage="50% (1/2)">
							<conditions>
								<condition number="0" type="jump" coverage="50%"/>
							</conditions>
						</line>
						<line number="751" hits="1" branch="false"/>
						<line number="755" hits="1" branch="false"/>
						<line number="756" hits="1" branch="true" condition-coverage="50% (3/6)">
							<conditions>
								<condition number="0" type="jump" coverage="50%"/>
								<condition number="1" type="jump" coverage="50%"/>
								<condition number="2" type="jump" coverage="50%"/>
							</conditions>
						</line>
						<line number="759" hits="1" branch="false"/>
						<line number="760" hits="0" branch="true" condition-coverage="0% (0/2)">
							<conditions>
								<condition number="0" type="jump" coverage="0%"/>
							</conditions>
						</line>
						<line number="761" hits="0" branch="false"/>
						<line number="762" hits="0" branch="true" condition-coverage="0% (0/2)">
							<conditions>
								<condition number="0" type="jump" coverage="0%"/>
							</conditions>
						</line>
						<line number="764" hits="0" branch="false"/>
						<line number="766" hits="0" branch="false"/>
						<line number="775" hits="1" branch="false"/>
						<line number="776" hits="1" branch="true" condition-coverage="50% (1/2)">
							<conditions>
								<condition number="0" type="jump" coverage="50%"/>
							</conditions>
						</line>
						<line number="781" hits="0" branch="false"/>
						<line number="783" hits="1" branch="false"/>
						<line number="788" hits="0" branch="false"/>
						<line number="792" hits="0" branch="true" condition-coverage="0% (0/2)">
							<conditions>
								<condition number="0" type="jump" coverage="0%"/>
							</conditions>
						</line>
						<line number="793" hits="0" branch="false"/>
						<line number="795" hits="0" branch="false"/>
					</lines>
				</class>
				<class name="com.google.javascript.jscomp.TypeValidator$TypeMismatch" filename="com/google/javascript/jscomp/TypeValidator.java" line-rate="0.0" branch-rate="0.0" complexity="4.2105263157894735">
					<methods>
						<method name="&lt;init&gt;" signature="(Lcom/google/javascript/rhino/jstype/JSType;Lcom/google/javascript/rhino/jstype/JSType;Lcom/google/javascript/jscomp/JSError;)V" line-rate="0.0" branch-rate="1.0">
							<lines>
								<line number="815" hits="0" branch="false"/>
								<line number="816" hits="0" branch="false"/>
								<line number="817" hits="0" branch="false"/>
								<line number="818" hits="0" branch="false"/>
								<line number="819" hits="0" branch="false"/>
							</lines>
						</method>
						<method name="equals" signature="(Ljava/lang/Object;)Z" line-rate="0.0" branch-rate="0.0">
							<lines>
								<line number="822" hits="0" branch="true" condition-coverage="0% (0/2)">
									<conditions>
										<condition number="0" type="jump" coverage="0%"/>
									</conditions>
								</line>
								<line number="823" hits="0" branch="false"/>
								<line number="824" hits="0" branch="true" condition-coverage="0% (0/8)">
									<conditions>
										<condition number="0" type="jump" coverage="0%"/>
										<condition number="1" type="jump" coverage="0%"/>
										<condition number="2" type="jump" coverage="0%"/>
										<condition number="3" type="jump" coverage="0%"/>
									</conditions>
								</line>
								<line number="829" hits="0" branch="false"/>
							</lines>
						</method>
						<method name="hashCode" signature="()I" line-rate="0.0" branch-rate="1.0">
							<lines>
								<line number="833" hits="0" branch="false"/>
							</lines>
						</method>
						<method name="toString" signature="()Ljava/lang/String;" line-rate="0.0" branch-rate="1.0">
							<lines>
								<line number="837" hits="0" branch="false"/>
							</lines>
						</method>
					</methods>
					<lines>
						<line number="815" hits="0" branch="false"/>
						<line number="816" hits="0" branch="false"/>
						<line number="817" hits="0" branch="false"/>
						<line number="818" hits="0" branch="false"/>
						<line number="819" hits="0" branch="false"/>
						<line number="822" hits="0" branch="true" condition-coverage="0% (0/2)">
							<conditions>
								<condition number="0" type="jump" coverage="0%"/>
							</conditions>
						</line>
						<line number="823" hits="0" branch="false"/>
						<line number="824" hits="0" branch="true" condition-coverage="0% (0/8)">
							<conditions>
								<condition number="0" type="jump" coverage="0%"/>
								<condition number="1" type="jump" coverage="0%"/>
								<condition number="2" type="jump" coverage="0%"/>
								<condition number="3" type="jump" coverage="0%"/>
							</conditions>
						</line>
						<line number="829" hits="0" branch="false"/>
						<line number="833" hits="0" branch="false"/>
						<line number="837" hits="0" branch="false"/>
					</lines>
				</class>
			</classes>
		</package>
	</packages>
</coverage>
